Determining if the pthread_create exist failed with the following output:
Change Dir: /home/INTRANET/dupre/myfiles/infoBA3/S2/CMakeFiles/CMakeTmp

Run Build Command:"/usr/bin/make" "cmTryCompileExec2842912377/fast"
/usr/bin/make -f CMakeFiles/cmTryCompileExec2842912377.dir/build.make CMakeFiles/cmTryCompileExec2842912377.dir/build
make[1]: Entering directory `/home/INTRANET/dupre/myfiles/infoBA3/S2/CMakeFiles/CMakeTmp'
/usr/local/bin/cmake -E cmake_progress_report /home/INTRANET/dupre/myfiles/infoBA3/S2/CMakeFiles/CMakeTmp/CMakeFiles 1
Building C object CMakeFiles/cmTryCompileExec2842912377.dir/CheckSymbolExists.c.o
/usr/bin/cc    -o CMakeFiles/cmTryCompileExec2842912377.dir/CheckSymbolExists.c.o   -c /home/INTRANET/dupre/myfiles/infoBA3/S2/CMakeFiles/CMakeTmp/CheckSymbolExists.c
Linking C executable cmTryCompileExec2842912377
/usr/local/bin/cmake -E cmake_link_script CMakeFiles/cmTryCompileExec2842912377.dir/link.txt --verbose=1
/usr/bin/cc       CMakeFiles/cmTryCompileExec2842912377.dir/CheckSymbolExists.c.o  -o cmTryCompileExec2842912377 -rdynamic 
CMakeFiles/cmTryCompileExec2842912377.dir/CheckSymbolExists.c.o: In function `main':
CheckSymbolExists.c:(.text+0x16): undefined reference to `pthread_create'
collect2: error: ld returned 1 exit status
make[1]: Leaving directory `/home/INTRANET/dupre/myfiles/infoBA3/S2/CMakeFiles/CMakeTmp'
make[1]: *** [cmTryCompileExec2842912377] Error 1
make: *** [cmTryCompileExec2842912377/fast] Error 2

File /home/INTRANET/dupre/myfiles/infoBA3/S2/CMakeFiles/CMakeTmp/CheckSymbolExists.c:
/* */
#include <pthread.h>

int main(int argc, char** argv)
{
  (void)argv;
#ifndef pthread_create
  return ((int*)(&pthread_create))[argc];
#else
  (void)argc;
  return 0;
#endif
}

Determining if the pthread_create exist failed with the following output:
Change Dir: /home/INTRANET/dupre/myfiles/infoBA3/S2/CMakeFiles/CMakeTmp

Run Build Command:"/usr/bin/make" "cmTryCompileExec1122063710/fast"
/usr/bin/make -f CMakeFiles/cmTryCompileExec1122063710.dir/build.make CMakeFiles/cmTryCompileExec1122063710.dir/build
make[1]: Entering directory `/home/INTRANET/dupre/myfiles/infoBA3/S2/CMakeFiles/CMakeTmp'
/usr/local/bin/cmake -E cmake_progress_report /home/INTRANET/dupre/myfiles/infoBA3/S2/CMakeFiles/CMakeTmp/CMakeFiles 1
Building C object CMakeFiles/cmTryCompileExec1122063710.dir/CheckSymbolExists.c.o
/usr/bin/cc    -o CMakeFiles/cmTryCompileExec1122063710.dir/CheckSymbolExists.c.o   -c /home/INTRANET/dupre/myfiles/infoBA3/S2/CMakeFiles/CMakeTmp/CheckSymbolExists.c
Linking C executable cmTryCompileExec1122063710
/usr/local/bin/cmake -E cmake_link_script CMakeFiles/cmTryCompileExec1122063710.dir/link.txt --verbose=1
/usr/bin/cc       CMakeFiles/cmTryCompileExec1122063710.dir/CheckSymbolExists.c.o  -o cmTryCompileExec1122063710 -rdynamic 
CMakeFiles/cmTryCompileExec1122063710.dir/CheckSymbolExists.c.o: In function `main':
CheckSymbolExists.c:(.text+0x16): undefined reference to `pthread_create'
collect2: error: ld returned 1 exit status
make[1]: *** [cmTryCompileExec1122063710] Error 1
make[1]: Leaving directory `/home/INTRANET/dupre/myfiles/infoBA3/S2/CMakeFiles/CMakeTmp'
make: *** [cmTryCompileExec1122063710/fast] Error 2

File /home/INTRANET/dupre/myfiles/infoBA3/S2/CMakeFiles/CMakeTmp/CheckSymbolExists.c:
/* */
#include <pthread.h>

int main(int argc, char** argv)
{
  (void)argv;
#ifndef pthread_create
  return ((int*)(&pthread_create))[argc];
#else
  (void)argc;
  return 0;
#endif
}

